This file contains any messages produced by compilers while
running configure, to aid debugging if configure makes a mistake.

It was created by configure, which was
generated by GNU Autoconf 2.59.  Invocation command line was

  $ ./configure --prefix=/home/abhilash/kaldi/tools/extras/liblbfgs-1.10

## --------- ##
## Platform. ##
## --------- ##

hostname = abhilash-HP-Pavilion-15-Notebook-PC
uname -m = x86_64
uname -r = 3.19.0-15-generic
uname -s = Linux
uname -v = #15-Ubuntu SMP Thu Apr 16 23:32:37 UTC 2015

/usr/bin/uname -p = unknown
/bin/uname -X     = unknown

/bin/arch              = unknown
/usr/bin/arch -k       = unknown
/usr/convex/getsysinfo = unknown
hostinfo               = unknown
/bin/machine           = unknown
/usr/bin/oslevel       = unknown
/bin/universe          = unknown

PATH: /usr/local/sbin
PATH: /usr/local/bin
PATH: /usr/sbin
PATH: /usr/bin
PATH: /sbin
PATH: /bin
PATH: /usr/games
PATH: /usr/local/games


## ----------- ##
## Core tests. ##
## ----------- ##

configure:1544: checking for a BSD-compatible install
configure:1599: result: /usr/bin/install -c
configure:1610: checking whether build environment is sane
configure:1653: result: yes
configure:1718: checking for gawk
configure:1734: found /usr/local/bin/gawk
configure:1744: result: gawk
configure:1754: checking whether make sets $(MAKE)
configure:1774: result: yes
configure:1944: checking whether to enable maintainer-specific portions of Makefiles
configure:1953: result: no
configure:2048: checking build system type
configure:2066: result: x86_64-unknown-linux-gnu
configure:2074: checking host system type
configure:2088: result: x86_64-unknown-linux-gnu
configure:2108: checking for style of include used by make
configure:2136: result: GNU
configure:2207: checking for gcc
configure:2223: found /usr/bin/gcc
configure:2233: result: gcc
configure:2477: checking for C compiler version
configure:2480: gcc --version </dev/null >&5
gcc (Ubuntu 4.9.2-10ubuntu13) 4.9.2
Copyright (C) 2014 Free Software Foundation, Inc.
This is free software; see the source for copying conditions.  There is NO
warranty; not even for MERCHANTABILITY or FITNESS FOR A PARTICULAR PURPOSE.

configure:2483: $? = 0
configure:2485: gcc -v </dev/null >&5
Using built-in specs.
COLLECT_GCC=gcc
COLLECT_LTO_WRAPPER=/usr/lib/gcc/x86_64-linux-gnu/4.9/lto-wrapper
Target: x86_64-linux-gnu
Configured with: ../src/configure -v --with-pkgversion='Ubuntu 4.9.2-10ubuntu13' --with-bugurl=file:///usr/share/doc/gcc-4.9/README.Bugs --enable-languages=c,c++,java,go,d,fortran,objc,obj-c++ --prefix=/usr --program-suffix=-4.9 --enable-shared --enable-linker-build-id --libexecdir=/usr/lib --without-included-gettext --enable-threads=posix --with-gxx-include-dir=/usr/include/c++/4.9 --libdir=/usr/lib --enable-nls --with-sysroot=/ --enable-clocale=gnu --enable-libstdcxx-debug --enable-libstdcxx-time=yes --enable-gnu-unique-object --disable-vtable-verify --enable-plugin --with-system-zlib --disable-browser-plugin --enable-java-awt=gtk --enable-gtk-cairo --with-java-home=/usr/lib/jvm/java-1.5.0-gcj-4.9-amd64/jre --enable-java-home --with-jvm-root-dir=/usr/lib/jvm/java-1.5.0-gcj-4.9-amd64 --with-jvm-jar-dir=/usr/lib/jvm-exports/java-1.5.0-gcj-4.9-amd64 --with-arch-directory=amd64 --with-ecj-jar=/usr/share/java/eclipse-ecj.jar --enable-objc-gc --enable-multiarch --disable-werror --with-arch-32=i686 --with-abi=m64 --with-multilib-list=m32,m64,mx32 --enable-multilib --with-tune=generic --enable-checking=release --build=x86_64-linux-gnu --host=x86_64-linux-gnu --target=x86_64-linux-gnu
Thread model: posix
gcc version 4.9.2 (Ubuntu 4.9.2-10ubuntu13) 
configure:2488: $? = 0
configure:2490: gcc -V </dev/null >&5
gcc: error: unrecognized command line option '-V'
gcc: fatal error: no input files
compilation terminated.
configure:2493: $? = 4
configure:2516: checking for C compiler default output file name
configure:2519: gcc    conftest.c  >&5
configure:2522: $? = 0
configure:2568: result: a.out
configure:2573: checking whether the C compiler works
configure:2579: ./a.out
configure:2582: $? = 0
configure:2599: result: yes
configure:2606: checking whether we are cross compiling
configure:2608: result: no
configure:2611: checking for suffix of executables
configure:2613: gcc -o conftest    conftest.c  >&5
configure:2616: $? = 0
configure:2641: result: 
configure:2647: checking for suffix of object files
configure:2668: gcc -c   conftest.c >&5
configure:2671: $? = 0
configure:2693: result: o
configure:2697: checking whether we are using the GNU C compiler
configure:2721: gcc -c   conftest.c >&5
configure:2727: $? = 0
configure:2731: test -z 
			 || test ! -s conftest.err
configure:2734: $? = 0
configure:2737: test -s conftest.o
configure:2740: $? = 0
configure:2753: result: yes
configure:2759: checking whether gcc accepts -g
configure:2780: gcc -c -g  conftest.c >&5
configure:2786: $? = 0
configure:2790: test -z 
			 || test ! -s conftest.err
configure:2793: $? = 0
configure:2796: test -s conftest.o
configure:2799: $? = 0
configure:2810: result: yes
configure:2827: checking for gcc option to accept ANSI C
configure:2897: gcc  -c -g -O2  conftest.c >&5
configure:2903: $? = 0
configure:2907: test -z 
			 || test ! -s conftest.err
configure:2910: $? = 0
configure:2913: test -s conftest.o
configure:2916: $? = 0
configure:2934: result: none needed
configure:2952: gcc -c -g -O2  conftest.c >&5
conftest.c:2:3: error: unknown type name 'choke'
   choke me
   ^
conftest.c:2:3: error: expected '=', ',', ';', 'asm' or '__attribute__' at end of input
configure:2958: $? = 1
configure: failed program was:
| #ifndef __cplusplus
|   choke me
| #endif
configure:3093: checking dependency style of gcc
configure:3183: result: gcc3
configure:3200: checking for a sed that does not truncate output
configure:3254: result: /bin/sed
configure:3257: checking for egrep
configure:3267: result: grep -E
configure:3283: checking for ld used by gcc
configure:3350: result: /usr/bin/ld
configure:3359: checking if the linker (/usr/bin/ld) is GNU ld
configure:3374: result: yes
configure:3379: checking for /usr/bin/ld option to reload object files
configure:3386: result: -r
configure:3395: checking for BSD-compatible nm
configure:3437: result: /usr/bin/nm -B
configure:3441: checking whether ln -s works
configure:3445: result: yes
configure:3452: checking how to recognise dependent libraries
configure:3635: result: pass_all
configure:3720: gcc -c -g -O2  conftest.c >&5
configure:3723: $? = 0
configure:3849: checking how to run the C preprocessor
configure:3884: gcc -E  conftest.c
configure:3890: $? = 0
configure:3922: gcc -E  conftest.c
conftest.c:11:28: fatal error: ac_nonexistent.h: No such file or directory
 #include <ac_nonexistent.h>
                            ^
compilation terminated.
configure:3928: $? = 1
configure: failed program was:
| /* confdefs.h.  */
| 
| #define PACKAGE_NAME ""
| #define PACKAGE_TARNAME ""
| #define PACKAGE_VERSION ""
| #define PACKAGE_STRING ""
| #define PACKAGE_BUGREPORT ""
| #define PACKAGE "liblbfgs"
| #define VERSION "1.10"
| /* end confdefs.h.  */
| #include <ac_nonexistent.h>
configure:3967: result: gcc -E
configure:3991: gcc -E  conftest.c
configure:3997: $? = 0
configure:4029: gcc -E  conftest.c
conftest.c:11:28: fatal error: ac_nonexistent.h: No such file or directory
 #include <ac_nonexistent.h>
                            ^
compilation terminated.
configure:4035: $? = 1
configure: failed program was:
| /* confdefs.h.  */
| 
| #define PACKAGE_NAME ""
| #define PACKAGE_TARNAME ""
| #define PACKAGE_VERSION ""
| #define PACKAGE_STRING ""
| #define PACKAGE_BUGREPORT ""
| #define PACKAGE "liblbfgs"
| #define VERSION "1.10"
| /* end confdefs.h.  */
| #include <ac_nonexistent.h>
configure:4079: checking for ANSI C header files
configure:4104: gcc -c -g -O2  conftest.c >&5
configure:4110: $? = 0
configure:4114: test -z 
			 || test ! -s conftest.err
configure:4117: $? = 0
configure:4120: test -s conftest.o
configure:4123: $? = 0
configure:4212: gcc -o conftest -g -O2   conftest.c  >&5
conftest.c: In function 'main':
conftest.c:28:7: warning: incompatible implicit declaration of built-in function 'exit'
       exit(2);
       ^
configure:4215: $? = 0
configure:4217: ./conftest
configure:4220: $? = 0
configure:4235: result: yes
configure:4259: checking for sys/types.h
configure:4275: gcc -c -g -O2  conftest.c >&5
configure:4281: $? = 0
configure:4285: test -z 
			 || test ! -s conftest.err
configure:4288: $? = 0
configure:4291: test -s conftest.o
configure:4294: $? = 0
configure:4305: result: yes
configure:4259: checking for sys/stat.h
configure:4275: gcc -c -g -O2  conftest.c >&5
configure:4281: $? = 0
configure:4285: test -z 
			 || test ! -s conftest.err
configure:4288: $? = 0
configure:4291: test -s conftest.o
configure:4294: $? = 0
configure:4305: result: yes
configure:4259: checking for stdlib.h
configure:4275: gcc -c -g -O2  conftest.c >&5
configure:4281: $? = 0
configure:4285: test -z 
			 || test ! -s conftest.err
configure:4288: $? = 0
configure:4291: test -s conftest.o
configure:4294: $? = 0
configure:4305: result: yes
configure:4259: checking for string.h
configure:4275: gcc -c -g -O2  conftest.c >&5
configure:4281: $? = 0
configure:4285: test -z 
			 || test ! -s conftest.err
configure:4288: $? = 0
configure:4291: test -s conftest.o
configure:4294: $? = 0
configure:4305: result: yes
configure:4259: checking for memory.h
configure:4275: gcc -c -g -O2  conftest.c >&5
configure:4281: $? = 0
configure:4285: test -z 
			 || test ! -s conftest.err
configure:4288: $? = 0
configure:4291: test -s conftest.o
configure:4294: $? = 0
configure:4305: result: yes
configure:4259: checking for strings.h
configure:4275: gcc -c -g -O2  conftest.c >&5
configure:4281: $? = 0
configure:4285: test -z 
			 || test ! -s conftest.err
configure:4288: $? = 0
configure:4291: test -s conftest.o
configure:4294: $? = 0
configure:4305: result: yes
configure:4259: checking for inttypes.h
configure:4275: gcc -c -g -O2  conftest.c >&5
configure:4281: $? = 0
configure:4285: test -z 
			 || test ! -s conftest.err
configure:4288: $? = 0
configure:4291: test -s conftest.o
configure:4294: $? = 0
configure:4305: result: yes
configure:4259: checking for stdint.h
configure:4275: gcc -c -g -O2  conftest.c >&5
configure:4281: $? = 0
configure:4285: test -z 
			 || test ! -s conftest.err
configure:4288: $? = 0
configure:4291: test -s conftest.o
configure:4294: $? = 0
configure:4305: result: yes
configure:4259: checking for unistd.h
configure:4275: gcc -c -g -O2  conftest.c >&5
configure:4281: $? = 0
configure:4285: test -z 
			 || test ! -s conftest.err
configure:4288: $? = 0
configure:4291: test -s conftest.o
configure:4294: $? = 0
configure:4305: result: yes
configure:4331: checking dlfcn.h usability
configure:4343: gcc -c -g -O2  conftest.c >&5
configure:4349: $? = 0
configure:4353: test -z 
			 || test ! -s conftest.err
configure:4356: $? = 0
configure:4359: test -s conftest.o
configure:4362: $? = 0
configure:4372: result: yes
configure:4376: checking dlfcn.h presence
configure:4386: gcc -E  conftest.c
configure:4392: $? = 0
configure:4412: result: yes
configure:4447: checking for dlfcn.h
configure:4454: result: yes
configure:4519: checking for g++
configure:4535: found /usr/bin/g++
configure:4545: result: g++
configure:4561: checking for C++ compiler version
configure:4564: g++ --version </dev/null >&5
g++ (Ubuntu 4.9.2-10ubuntu13) 4.9.2
Copyright (C) 2014 Free Software Foundation, Inc.
This is free software; see the source for copying conditions.  There is NO
warranty; not even for MERCHANTABILITY or FITNESS FOR A PARTICULAR PURPOSE.

configure:4567: $? = 0
configure:4569: g++ -v </dev/null >&5
Using built-in specs.
COLLECT_GCC=g++
COLLECT_LTO_WRAPPER=/usr/lib/gcc/x86_64-linux-gnu/4.9/lto-wrapper
Target: x86_64-linux-gnu
Configured with: ../src/configure -v --with-pkgversion='Ubuntu 4.9.2-10ubuntu13' --with-bugurl=file:///usr/share/doc/gcc-4.9/README.Bugs --enable-languages=c,c++,java,go,d,fortran,objc,obj-c++ --prefix=/usr --program-suffix=-4.9 --enable-shared --enable-linker-build-id --libexecdir=/usr/lib --without-included-gettext --enable-threads=posix --with-gxx-include-dir=/usr/include/c++/4.9 --libdir=/usr/lib --enable-nls --with-sysroot=/ --enable-clocale=gnu --enable-libstdcxx-debug --enable-libstdcxx-time=yes --enable-gnu-unique-object --disable-vtable-verify --enable-plugin --with-system-zlib --disable-browser-plugin --enable-java-awt=gtk --enable-gtk-cairo --with-java-home=/usr/lib/jvm/java-1.5.0-gcj-4.9-amd64/jre --enable-java-home --with-jvm-root-dir=/usr/lib/jvm/java-1.5.0-gcj-4.9-amd64 --with-jvm-jar-dir=/usr/lib/jvm-exports/java-1.5.0-gcj-4.9-amd64 --with-arch-directory=amd64 --with-ecj-jar=/usr/share/java/eclipse-ecj.jar --enable-objc-gc --enable-multiarch --disable-werror --with-arch-32=i686 --with-abi=m64 --with-multilib-list=m32,m64,mx32 --enable-multilib --with-tune=generic --enable-checking=release --build=x86_64-linux-gnu --host=x86_64-linux-gnu --target=x86_64-linux-gnu
Thread model: posix
gcc version 4.9.2 (Ubuntu 4.9.2-10ubuntu13) 
configure:4572: $? = 0
configure:4574: g++ -V </dev/null >&5
g++: error: unrecognized command line option '-V'
g++: fatal error: no input files
compilation terminated.
configure:4577: $? = 4
configure:4580: checking whether we are using the GNU C++ compiler
configure:4604: g++ -c   conftest.cc >&5
configure:4610: $? = 0
configure:4614: test -z 
			 || test ! -s conftest.err
configure:4617: $? = 0
configure:4620: test -s conftest.o
configure:4623: $? = 0
configure:4636: result: yes
configure:4642: checking whether g++ accepts -g
configure:4663: g++ -c -g  conftest.cc >&5
configure:4669: $? = 0
configure:4673: test -z 
			 || test ! -s conftest.err
configure:4676: $? = 0
configure:4679: test -s conftest.o
configure:4682: $? = 0
configure:4693: result: yes
configure:4735: g++ -c -g -O2  conftest.cc >&5
configure:4741: $? = 0
configure:4745: test -z 
			 || test ! -s conftest.err
configure:4748: $? = 0
configure:4751: test -s conftest.o
configure:4754: $? = 0
configure:4780: g++ -c -g -O2  conftest.cc >&5
conftest.cc: In function 'int main()':
conftest.cc:26:9: error: 'exit' was not declared in this scope
 exit (42);
         ^
configure:4786: $? = 1
configure: failed program was:
| /* confdefs.h.  */
| 
| #define PACKAGE_NAME ""
| #define PACKAGE_TARNAME ""
| #define PACKAGE_VERSION ""
| #define PACKAGE_STRING ""
| #define PACKAGE_BUGREPORT ""
| #define PACKAGE "liblbfgs"
| #define VERSION "1.10"
| #define STDC_HEADERS 1
| #define HAVE_SYS_TYPES_H 1
| #define HAVE_SYS_STAT_H 1
| #define HAVE_STDLIB_H 1
| #define HAVE_STRING_H 1
| #define HAVE_MEMORY_H 1
| #define HAVE_STRINGS_H 1
| #define HAVE_INTTYPES_H 1
| #define HAVE_STDINT_H 1
| #define HAVE_UNISTD_H 1
| #define HAVE_DLFCN_H 1
| /* end confdefs.h.  */
| 
| int
| main ()
| {
| exit (42);
|   ;
|   return 0;
| }
configure:4735: g++ -c -g -O2  conftest.cc >&5
conftest.cc:22:40: error: 'void std::exit(int)' should have been declared inside 'std'
 extern "C" void std::exit (int) throw (); using std::exit;
                                        ^
configure:4741: $? = 1
configure: failed program was:
| /* confdefs.h.  */
| 
| #define PACKAGE_NAME ""
| #define PACKAGE_TARNAME ""
| #define PACKAGE_VERSION ""
| #define PACKAGE_STRING ""
| #define PACKAGE_BUGREPORT ""
| #define PACKAGE "liblbfgs"
| #define VERSION "1.10"
| #define STDC_HEADERS 1
| #define HAVE_SYS_TYPES_H 1
| #define HAVE_SYS_STAT_H 1
| #define HAVE_STDLIB_H 1
| #define HAVE_STRING_H 1
| #define HAVE_MEMORY_H 1
| #define HAVE_STRINGS_H 1
| #define HAVE_INTTYPES_H 1
| #define HAVE_STDINT_H 1
| #define HAVE_UNISTD_H 1
| #define HAVE_DLFCN_H 1
| /* end confdefs.h.  */
| extern "C" void std::exit (int) throw (); using std::exit;
| #include <stdlib.h>
| int
| main ()
| {
| exit (42);
|   ;
|   return 0;
| }
configure:4735: g++ -c -g -O2  conftest.cc >&5
conftest.cc:22:31: error: 'void std::exit(int)' should have been declared inside 'std'
 extern "C" void std::exit (int); using std::exit;
                               ^
In file included from conftest.cc:23:0:
/usr/include/stdlib.h:543:70: error: declaration of 'void std::exit(int) throw ()' has a different exception specifier
 extern void exit (int __status) __THROW __attribute__ ((__noreturn__));
                                                                      ^
conftest.cc:22:17: error: from previous declaration 'void std::exit(int)'
 extern "C" void std::exit (int); using std::exit;
                 ^
configure:4741: $? = 1
configure: failed program was:
| /* confdefs.h.  */
| 
| #define PACKAGE_NAME ""
| #define PACKAGE_TARNAME ""
| #define PACKAGE_VERSION ""
| #define PACKAGE_STRING ""
| #define PACKAGE_BUGREPORT ""
| #define PACKAGE "liblbfgs"
| #define VERSION "1.10"
| #define STDC_HEADERS 1
| #define HAVE_SYS_TYPES_H 1
| #define HAVE_SYS_STAT_H 1
| #define HAVE_STDLIB_H 1
| #define HAVE_STRING_H 1
| #define HAVE_MEMORY_H 1
| #define HAVE_STRINGS_H 1
| #define HAVE_INTTYPES_H 1
| #define HAVE_STDINT_H 1
| #define HAVE_UNISTD_H 1
| #define HAVE_DLFCN_H 1
| /* end confdefs.h.  */
| extern "C" void std::exit (int); using std::exit;
| #include <stdlib.h>
| int
| main ()
| {
| exit (42);
|   ;
|   return 0;
| }
configure:4735: g++ -c -g -O2  conftest.cc >&5
configure:4741: $? = 0
configure:4745: test -z 
			 || test ! -s conftest.err
configure:4748: $? = 0
configure:4751: test -s conftest.o
configure:4754: $? = 0
configure:4780: g++ -c -g -O2  conftest.cc >&5
configure:4786: $? = 0
configure:4790: test -z 
			 || test ! -s conftest.err
configure:4793: $? = 0
configure:4796: test -s conftest.o
configure:4799: $? = 0
configure:4824: checking dependency style of g++
configure:4914: result: gcc3
configure:4936: checking how to run the C++ preprocessor
configure:4967: g++ -E  conftest.cc
configure:4973: $? = 0
configure:5005: g++ -E  conftest.cc
conftest.cc:25:28: fatal error: ac_nonexistent.h: No such file or directory
 #include <ac_nonexistent.h>
                            ^
compilation terminated.
configure:5011: $? = 1
configure: failed program was:
| /* confdefs.h.  */
| 
| #define PACKAGE_NAME ""
| #define PACKAGE_TARNAME ""
| #define PACKAGE_VERSION ""
| #define PACKAGE_STRING ""
| #define PACKAGE_BUGREPORT ""
| #define PACKAGE "liblbfgs"
| #define VERSION "1.10"
| #define STDC_HEADERS 1
| #define HAVE_SYS_TYPES_H 1
| #define HAVE_SYS_STAT_H 1
| #define HAVE_STDLIB_H 1
| #define HAVE_STRING_H 1
| #define HAVE_MEMORY_H 1
| #define HAVE_STRINGS_H 1
| #define HAVE_INTTYPES_H 1
| #define HAVE_STDINT_H 1
| #define HAVE_UNISTD_H 1
| #define HAVE_DLFCN_H 1
| #ifdef __cplusplus
| extern "C" void exit (int) throw ();
| #endif
| /* end confdefs.h.  */
| #include <ac_nonexistent.h>
configure:5050: result: g++ -E
configure:5074: g++ -E  conftest.cc
configure:5080: $? = 0
configure:5112: g++ -E  conftest.cc
conftest.cc:25:28: fatal error: ac_nonexistent.h: No such file or directory
 #include <ac_nonexistent.h>
                            ^
compilation terminated.
configure:5118: $? = 1
configure: failed program was:
| /* confdefs.h.  */
| 
| #define PACKAGE_NAME ""
| #define PACKAGE_TARNAME ""
| #define PACKAGE_VERSION ""
| #define PACKAGE_STRING ""
| #define PACKAGE_BUGREPORT ""
| #define PACKAGE "liblbfgs"
| #define VERSION "1.10"
| #define STDC_HEADERS 1
| #define HAVE_SYS_TYPES_H 1
| #define HAVE_SYS_STAT_H 1
| #define HAVE_STDLIB_H 1
| #define HAVE_STRING_H 1
| #define HAVE_MEMORY_H 1
| #define HAVE_STRINGS_H 1
| #define HAVE_INTTYPES_H 1
| #define HAVE_STDINT_H 1
| #define HAVE_UNISTD_H 1
| #define HAVE_DLFCN_H 1
| #ifdef __cplusplus
| extern "C" void exit (int) throw ();
| #endif
| /* end confdefs.h.  */
| #include <ac_nonexistent.h>
configure:5213: checking for g77
configure:5242: result: no
configure:5213: checking for f77
configure:5229: found /usr/bin/f77
configure:5239: result: f77
configure:5254: checking for Fortran 77 compiler version
configure:5257: f77 --version </dev/null >&5
GNU Fortran (Ubuntu 4.9.2-10ubuntu13) 4.9.2
Copyright (C) 2014 Free Software Foundation, Inc.

GNU Fortran comes with NO WARRANTY, to the extent permitted by law.
You may redistribute copies of GNU Fortran
under the terms of the GNU General Public License.
For more information about these matters, see the file named COPYING

configure:5260: $? = 0
configure:5262: f77 -v </dev/null >&5
Using built-in specs.
COLLECT_GCC=f77
COLLECT_LTO_WRAPPER=/usr/lib/gcc/x86_64-linux-gnu/4.9/lto-wrapper
Target: x86_64-linux-gnu
Configured with: ../src/configure -v --with-pkgversion='Ubuntu 4.9.2-10ubuntu13' --with-bugurl=file:///usr/share/doc/gcc-4.9/README.Bugs --enable-languages=c,c++,java,go,d,fortran,objc,obj-c++ --prefix=/usr --program-suffix=-4.9 --enable-shared --enable-linker-build-id --libexecdir=/usr/lib --without-included-gettext --enable-threads=posix --with-gxx-include-dir=/usr/include/c++/4.9 --libdir=/usr/lib --enable-nls --with-sysroot=/ --enable-clocale=gnu --enable-libstdcxx-debug --enable-libstdcxx-time=yes --enable-gnu-unique-object --disable-vtable-verify --enable-plugin --with-system-zlib --disable-browser-plugin --enable-java-awt=gtk --enable-gtk-cairo --with-java-home=/usr/lib/jvm/java-1.5.0-gcj-4.9-amd64/jre --enable-java-home --with-jvm-root-dir=/usr/lib/jvm/java-1.5.0-gcj-4.9-amd64 --with-jvm-jar-dir=/usr/lib/jvm-exports/java-1.5.0-gcj-4.9-amd64 --with-arch-directory=amd64 --with-ecj-jar=/usr/share/java/eclipse-ecj.jar --enable-objc-gc --enable-multiarch --disable-werror --with-arch-32=i686 --with-abi=m64 --with-multilib-list=m32,m64,mx32 --enable-multilib --with-tune=generic --enable-checking=release --build=x86_64-linux-gnu --host=x86_64-linux-gnu --target=x86_64-linux-gnu
Thread model: posix
gcc version 4.9.2 (Ubuntu 4.9.2-10ubuntu13) 
configure:5265: $? = 0
configure:5267: f77 -V </dev/null >&5
f77: error: unrecognized command line option '-V'
f77: fatal error: no input files
compilation terminated.
configure:5270: $? = 4
configure:5278: checking whether we are using the GNU Fortran 77 compiler
configure:5292: f77 -c  conftest.F >&5
configure:5298: $? = 0
configure:5302: test -z 
			 || test ! -s conftest.err
configure:5305: $? = 0
configure:5308: test -s conftest.o
configure:5311: $? = 0
configure:5324: result: yes
configure:5330: checking whether f77 accepts -g
configure:5342: f77 -c -g conftest.f >&5
configure:5348: $? = 0
configure:5352: test -z 
			 || test ! -s conftest.err
configure:5355: $? = 0
configure:5358: test -s conftest.o
configure:5361: $? = 0
configure:5373: result: yes
configure:5403: checking the maximum length of command line arguments
configure:5468: result: 32768
configure:5479: checking command to parse /usr/bin/nm -B output from gcc object
configure:5568: gcc -c -g -O2  conftest.c >&5
configure:5571: $? = 0
configure:5575: /usr/bin/nm -B conftest.o \| sed -n -e 's/^.*[ 	]\([ABCDGIRSTW][ABCDGIRSTW]*\)[ 	][ 	]*\(\)\([_A-Za-z][_A-Za-z0-9]*\)$/\1 \2\3 \3/p' \> conftest.nm
configure:5578: $? = 0
configure:5630: gcc -o conftest -g -O2   conftest.c conftstm.o >&5
configure:5633: $? = 0
configure:5671: result: ok
configure:5675: checking for objdir
configure:5690: result: .libs
configure:5780: checking for ar
configure:5796: found /usr/bin/ar
configure:5807: result: ar
configure:5860: checking for ranlib
configure:5876: found /usr/bin/ranlib
configure:5887: result: ranlib
configure:5940: checking for strip
configure:5956: found /usr/bin/strip
configure:5967: result: strip
configure:6229: checking if gcc static flag  works
configure:6252: result: yes
configure:6270: checking if gcc supports -fno-rtti -fno-exceptions
configure:6288: gcc -c -g -O2  -fno-rtti -fno-exceptions conftest.c >&5
cc1: warning: command line option '-fno-rtti' is valid for C++/ObjC++ but not for C
configure:6292: $? = 0
configure:6303: result: no
configure:6318: checking for gcc option to produce PIC
configure:6495: result: -fPIC
configure:6503: checking if gcc PIC flag -fPIC works
configure:6521: gcc -c -g -O2  -fPIC -DPIC conftest.c >&5
configure:6525: $? = 0
configure:6536: result: yes
configure:6560: checking if gcc supports -c -o file.o
configure:6581: gcc -c -g -O2  -o out/conftest2.o conftest.c >&5
configure:6585: $? = 0
configure:6605: result: yes
configure:6631: checking whether the gcc linker (/usr/bin/ld -m elf_x86_64) supports shared libraries
configure:7479: result: yes
configure:7505: checking whether -lc should be explicitly linked in
configure:7510: gcc -c -g -O2  conftest.c >&5
configure:7513: $? = 0
configure:7527: gcc -shared conftest.o  -v -Wl,-soname -Wl,conftest -o conftest 2\>\&1 \| grep  -lc  \>/dev/null 2\>\&1
configure:7530: $? = 0
configure:7542: result: no
configure:7550: checking dynamic linker characteristics
configure:7916: gcc -c -g -O2  conftest.c >&5
configure:7919: $? = 0
configure:8111: result: GNU/Linux ld.so
configure:8115: checking how to hardcode library paths into programs
configure:8140: result: immediate
configure:8154: checking whether stripping libraries is possible
configure:8159: result: yes
configure:8989: checking if libtool supports shared libraries
configure:8991: result: yes
configure:8994: checking whether to build shared libraries
configure:9052: result: yes
configure:9055: checking whether to build static libraries
configure:9059: result: yes
configure:9151: creating libtool
configure:9698: checking for ld used by g++
configure:9765: result: /usr/bin/ld -m elf_x86_64
configure:9774: checking if the linker (/usr/bin/ld -m elf_x86_64) is GNU ld
configure:9789: result: yes
configure:9840: checking whether the g++ linker (/usr/bin/ld -m elf_x86_64) supports shared libraries
configure:10668: result: yes
configure:10686: g++ -c -g -O2  conftest.cc >&5
configure:10689: $? = 0
configure:10785: checking for g++ option to produce PIC
configure:11037: result: -fPIC
configure:11045: checking if g++ PIC flag -fPIC works
configure:11063: g++ -c -g -O2  -fPIC -DPIC conftest.cc >&5
configure:11067: $? = 0
configure:11078: result: yes
configure:11102: checking if g++ supports -c -o file.o
configure:11123: g++ -c -g -O2  -o out/conftest2.o conftest.cc >&5
configure:11127: $? = 0
configure:11147: result: yes
configure:11173: checking whether the g++ linker (/usr/bin/ld -m elf_x86_64) supports shared libraries
configure:11198: result: yes
configure:11269: checking dynamic linker characteristics
configure:11635: g++ -c -g -O2  conftest.cc >&5
configure:11638: $? = 0
configure:11830: result: GNU/Linux ld.so
configure:11834: checking how to hardcode library paths into programs
configure:11859: result: immediate
configure:11873: checking whether stripping libraries is possible
configure:11878: result: yes
configure:13185: checking if libtool supports shared libraries
configure:13187: result: yes
configure:13190: checking whether to build shared libraries
configure:13208: result: yes
configure:13211: checking whether to build static libraries
configure:13215: result: yes
configure:13227: checking for f77 option to produce PIC
configure:13404: result: -fPIC
configure:13412: checking if f77 PIC flag -fPIC works
configure:13430: f77 -c -g -O2 -fPIC conftest.f >&5
configure:13434: $? = 0
configure:13445: result: yes
configure:13469: checking if f77 supports -c -o file.o
configure:13490: f77 -c -g -O2 -o out/conftest2.o conftest.f >&5
configure:13494: $? = 0
configure:13514: result: yes
configure:13540: checking whether the f77 linker (/usr/bin/ld -m elf_x86_64) supports shared libraries
configure:14368: result: yes
configure:14439: checking dynamic linker characteristics
configure:14805: f77 -c -g -O2 conftest.f >&5
Warning: conftest.f:1: Illegal preprocessor directive
configure:14808: $? = 0
configure:15000: result: GNU/Linux ld.so
configure:15004: checking how to hardcode library paths into programs
configure:15029: result: immediate
configure:15043: checking whether stripping libraries is possible
configure:15048: result: yes
configure:19168: checking for a BSD-compatible install
configure:19223: result: /usr/bin/install -c
configure:19234: checking whether ln -s works
configure:19238: result: yes
configure:19245: checking whether make sets $(MAKE)
configure:19265: result: yes
configure:19282: checking for ANSI C header files
configure:19438: result: yes
configure:19463: checking xmmintrin.h usability
configure:19475: gcc -c  -Wall  conftest.c >&5
configure:19481: $? = 0
configure:19485: test -z 
			 || test ! -s conftest.err
configure:19488: $? = 0
configure:19491: test -s conftest.o
configure:19494: $? = 0
configure:19504: result: yes
configure:19508: checking xmmintrin.h presence
configure:19518: gcc -E  conftest.c
configure:19524: $? = 0
configure:19544: result: yes
configure:19579: checking for xmmintrin.h
configure:19586: result: yes
configure:19463: checking emmintrin.h usability
configure:19475: gcc -c  -Wall  conftest.c >&5
configure:19481: $? = 0
configure:19485: test -z 
			 || test ! -s conftest.err
configure:19488: $? = 0
configure:19491: test -s conftest.o
configure:19494: $? = 0
configure:19504: result: yes
configure:19508: checking emmintrin.h presence
configure:19518: gcc -E  conftest.c
configure:19524: $? = 0
configure:19544: result: yes
configure:19579: checking for emmintrin.h
configure:19586: result: yes
configure:19626: checking for fabs in -lm
configure:19656: gcc -o conftest -O3 -ffast-math  -Wall   conftest.c -lm   >&5
conftest.c:35:6: warning: conflicting types for built-in function 'fabs'
 char fabs ();
      ^
configure:19662: $? = 0
configure:19666: test -z 
			 || test ! -s conftest.err
configure:19669: $? = 0
configure:19672: test -s conftest
configure:19675: $? = 0
configure:19688: result: yes
configure:19831: creating ./config.status

## ---------------------- ##
## Running config.status. ##
## ---------------------- ##

This file was extended by config.status, which was
generated by GNU Autoconf 2.59.  Invocation command line was

  CONFIG_FILES    = 
  CONFIG_HEADERS  = 
  CONFIG_LINKS    = 
  CONFIG_COMMANDS = 
  $ ./config.status 

on abhilash-HP-Pavilion-15-Notebook-PC

config.status:720: creating Makefile
config.status:720: creating lib/Makefile
config.status:720: creating sample/Makefile
config.status:824: creating config.h
config.status:1120: executing depfiles commands

## ---------------- ##
## Cache variables. ##
## ---------------- ##

ac_cv_build=x86_64-unknown-linux-gnu
ac_cv_build_alias=x86_64-unknown-linux-gnu
ac_cv_c_compiler_gnu=yes
ac_cv_cxx_compiler_gnu=yes
ac_cv_env_CC_set=
ac_cv_env_CC_value=
ac_cv_env_CFLAGS_set=
ac_cv_env_CFLAGS_value=
ac_cv_env_CPPFLAGS_set=
ac_cv_env_CPPFLAGS_value=
ac_cv_env_CPP_set=
ac_cv_env_CPP_value=
ac_cv_env_CXXCPP_set=
ac_cv_env_CXXCPP_value=
ac_cv_env_CXXFLAGS_set=
ac_cv_env_CXXFLAGS_value=
ac_cv_env_CXX_set=
ac_cv_env_CXX_value=
ac_cv_env_F77_set=
ac_cv_env_F77_value=
ac_cv_env_FFLAGS_set=
ac_cv_env_FFLAGS_value=
ac_cv_env_LDFLAGS_set=
ac_cv_env_LDFLAGS_value=
ac_cv_env_build_alias_set=
ac_cv_env_build_alias_value=
ac_cv_env_host_alias_set=
ac_cv_env_host_alias_value=
ac_cv_env_target_alias_set=
ac_cv_env_target_alias_value=
ac_cv_exeext=
ac_cv_f77_compiler_gnu=yes
ac_cv_header_dlfcn_h=yes
ac_cv_header_emmintrin_h=yes
ac_cv_header_inttypes_h=yes
ac_cv_header_memory_h=yes
ac_cv_header_stdc=yes
ac_cv_header_stdint_h=yes
ac_cv_header_stdlib_h=yes
ac_cv_header_string_h=yes
ac_cv_header_strings_h=yes
ac_cv_header_sys_stat_h=yes
ac_cv_header_sys_types_h=yes
ac_cv_header_unistd_h=yes
ac_cv_header_xmmintrin_h=yes
ac_cv_host=x86_64-unknown-linux-gnu
ac_cv_host_alias=x86_64-unknown-linux-gnu
ac_cv_lib_m_fabs=yes
ac_cv_objext=o
ac_cv_path_install='/usr/bin/install -c'
ac_cv_prog_AWK=gawk
ac_cv_prog_CPP='gcc -E'
ac_cv_prog_CXXCPP='g++ -E'
ac_cv_prog_ac_ct_AR=ar
ac_cv_prog_ac_ct_CC=gcc
ac_cv_prog_ac_ct_CXX=g++
ac_cv_prog_ac_ct_F77=f77
ac_cv_prog_ac_ct_RANLIB=ranlib
ac_cv_prog_ac_ct_STRIP=strip
ac_cv_prog_cc_g=yes
ac_cv_prog_cc_stdc=
ac_cv_prog_cxx_g=yes
ac_cv_prog_egrep='grep -E'
ac_cv_prog_f77_g=yes
ac_cv_prog_make_make_set=yes
am_cv_CC_dependencies_compiler_type=gcc3
am_cv_CXX_dependencies_compiler_type=gcc3
lt_cv_deplibs_check_method=pass_all
lt_cv_file_magic_cmd='$MAGIC_CMD'
lt_cv_file_magic_test_file='/lib/libc.so* /lib/libc-*.so'
lt_cv_ld_reload_flag=-r
lt_cv_objdir=.libs
lt_cv_path_LD=/usr/bin/ld
lt_cv_path_LDCXX='/usr/bin/ld -m elf_x86_64'
lt_cv_path_NM='/usr/bin/nm -B'
lt_cv_path_SED=/bin/sed
lt_cv_prog_compiler_c_o=yes
lt_cv_prog_compiler_c_o_CXX=yes
lt_cv_prog_compiler_c_o_F77=yes
lt_cv_prog_compiler_rtti_exceptions=no
lt_cv_prog_gnu_ld=yes
lt_cv_prog_gnu_ldcxx=yes
lt_cv_sys_global_symbol_pipe='sed -n -e '\''s/^.*[ 	]\([ABCDGIRSTW][ABCDGIRSTW]*\)[ 	][ 	]*\(\)\([_A-Za-z][_A-Za-z0-9]*\)$/\1 \2\3 \3/p'\'''
lt_cv_sys_global_symbol_to_c_name_address='sed -n -e '\''s/^: \([^ ]*\) $/  {\"\1\", (lt_ptr) 0},/p'\'' -e '\''s/^[BCDEGRST] \([^ ]*\) \([^ ]*\)$/  {"\2", (lt_ptr) \&\2},/p'\'''
lt_cv_sys_global_symbol_to_cdecl='sed -n -e '\''s/^. .* \(.*\)$/extern int \1;/p'\'''
lt_cv_sys_max_cmd_len=32768
lt_lt_cv_prog_compiler_c_o='"yes"'
lt_lt_cv_prog_compiler_c_o_CXX='"yes"'
lt_lt_cv_prog_compiler_c_o_F77='"yes"'
lt_lt_cv_sys_global_symbol_pipe='"sed -n -e '\''s/^.*[ 	]\\([ABCDGIRSTW][ABCDGIRSTW]*\\)[ 	][ 	]*\\(\\)\\([_A-Za-z][_A-Za-z0-9]*\\)\$/\\1 \\2\\3 \\3/p'\''"'
lt_lt_cv_sys_global_symbol_to_c_name_address='"sed -n -e '\''s/^: \\([^ ]*\\) \$/  {\\\"\\1\\\", (lt_ptr) 0},/p'\'' -e '\''s/^[BCDEGRST] \\([^ ]*\\) \\([^ ]*\\)\$/  {\"\\2\", (lt_ptr) \\&\\2},/p'\''"'
lt_lt_cv_sys_global_symbol_to_cdecl='"sed -n -e '\''s/^. .* \\(.*\\)\$/extern int \\1;/p'\''"'

## ----------------- ##
## Output variables. ##
## ----------------- ##

ACLOCAL='${SHELL} /home/abhilash/kaldi/tools/extras/liblbfgs-1.10/missing --run aclocal-1.9'
AMDEPBACKSLASH='\'
AMDEP_FALSE='#'
AMDEP_TRUE=''
AMTAR='${SHELL} /home/abhilash/kaldi/tools/extras/liblbfgs-1.10/missing --run tar'
AR='ar'
AUTOCONF='${SHELL} /home/abhilash/kaldi/tools/extras/liblbfgs-1.10/missing --run autoconf'
AUTOHEADER='${SHELL} /home/abhilash/kaldi/tools/extras/liblbfgs-1.10/missing --run autoheader'
AUTOMAKE='${SHELL} /home/abhilash/kaldi/tools/extras/liblbfgs-1.10/missing --run automake-1.9'
AWK='gawk'
CC='gcc'
CCDEPMODE='depmode=gcc3'
CFLAGS='-O3 -ffast-math  -Wall'
CPP='gcc -E'
CPPFLAGS=''
CXX='g++'
CXXCPP='g++ -E'
CXXDEPMODE='depmode=gcc3'
CXXFLAGS='-g -O2'
CYGPATH_W='echo'
DEFS='-DHAVE_CONFIG_H'
DEPDIR='.deps'
ECHO='echo'
ECHO_C=''
ECHO_N='-n'
ECHO_T=''
EGREP='grep -E'
EXEEXT=''
F77='f77'
FFLAGS='-g -O2'
INCLUDES='-I$(top_srcdir) -I$(top_srcdir)/include'
INSTALL_DATA='${INSTALL} -m 644'
INSTALL_PROGRAM='${INSTALL}'
INSTALL_SCRIPT='${INSTALL}'
INSTALL_STRIP_PROGRAM='${SHELL} $(install_sh) -c -s'
LDFLAGS=''
LIBOBJS=''
LIBS='-lm '
LIBTOOL='$(SHELL) $(top_builddir)/libtool'
LN_S='ln -s'
LTLIBOBJS=''
MAINT='#'
MAINTAINER_MODE_FALSE=''
MAINTAINER_MODE_TRUE='#'
MAKEINFO='${SHELL} /home/abhilash/kaldi/tools/extras/liblbfgs-1.10/missing --run makeinfo'
OBJEXT='o'
PACKAGE='liblbfgs'
PACKAGE_BUGREPORT=''
PACKAGE_NAME=''
PACKAGE_STRING=''
PACKAGE_TARNAME=''
PACKAGE_VERSION=''
PATH_SEPARATOR=':'
RANLIB='ranlib'
SET_MAKE=''
SHELL='/bin/bash'
STRIP='strip'
VERSION='1.10'
ac_ct_AR='ar'
ac_ct_CC='gcc'
ac_ct_CXX='g++'
ac_ct_F77='f77'
ac_ct_RANLIB='ranlib'
ac_ct_STRIP='strip'
am__fastdepCC_FALSE='#'
am__fastdepCC_TRUE=''
am__fastdepCXX_FALSE='#'
am__fastdepCXX_TRUE=''
am__include='include'
am__leading_dot='.'
am__quote=''
am__tar='${AMTAR} chof - "$$tardir"'
am__untar='${AMTAR} xf -'
bindir='${exec_prefix}/bin'
build='x86_64-unknown-linux-gnu'
build_alias=''
build_cpu='x86_64'
build_os='linux-gnu'
build_vendor='unknown'
datadir='${prefix}/share'
exec_prefix='${prefix}'
host='x86_64-unknown-linux-gnu'
host_alias=''
host_cpu='x86_64'
host_os='linux-gnu'
host_vendor='unknown'
includedir='${prefix}/include'
infodir='${prefix}/info'
install_sh='/home/abhilash/kaldi/tools/extras/liblbfgs-1.10/install-sh'
libdir='${exec_prefix}/lib'
libexecdir='${exec_prefix}/libexec'
localstatedir='${prefix}/var'
mandir='${prefix}/man'
mkdir_p='mkdir -p --'
oldincludedir='/usr/include'
prefix='/home/abhilash/kaldi/tools/extras/liblbfgs-1.10'
program_transform_name='s,x,x,'
sbindir='${exec_prefix}/sbin'
sharedstatedir='${prefix}/com'
sysconfdir='${prefix}/etc'
target_alias=''

## ----------- ##
## confdefs.h. ##
## ----------- ##

#define HAVE_DLFCN_H 1
#define HAVE_EMMINTRIN_H 1
#define HAVE_INTTYPES_H 1
#define HAVE_LIBM 1
#define HAVE_MEMORY_H 1
#define HAVE_STDINT_H 1
#define HAVE_STDLIB_H 1
#define HAVE_STRINGS_H 1
#define HAVE_STRING_H 1
#define HAVE_SYS_STAT_H 1
#define HAVE_SYS_TYPES_H 1
#define HAVE_UNISTD_H 1
#define HAVE_XMMINTRIN_H 1
#define PACKAGE "liblbfgs"
#define PACKAGE_BUGREPORT ""
#define PACKAGE_NAME ""
#define PACKAGE_STRING ""
#define PACKAGE_TARNAME ""
#define PACKAGE_VERSION ""
#define STDC_HEADERS 1
#define STDC_HEADERS 1
#define VERSION "1.10"
#endif
#ifdef __cplusplus
extern "C" void exit (int) throw ();

configure: exit 0
